# JRE version: Java(TM) SE Runtime Environment (7.0_80-b15) (build 1.7.0_80-b15)
# Java VM: Java HotSpot(TM) 64-Bit Server VM (24.80-b11 mixed mode windows-amd64 compressed oops)
Heap
 PSYoungGen      total 18432K, used 7788K [0x00000000eb800000, 0x00000000eda80000, 0x0000000100000000)
  eden space 15872K, 33% used [0x00000000eb800000,0x00000000ebd1f728,0x00000000ec780000)
  from space 2560K, 99% used [0x00000000ec780000,0x00000000ec9fbb70,0x00000000eca00000)
  to   space 9728K, 0% used [0x00000000ed100000,0x00000000ed100000,0x00000000eda80000)
 ParOldGen       total 41984K, used 21832K [0x00000000c2800000, 0x00000000c5100000, 0x00000000eb800000)
  object space 41984K, 52% used [0x00000000c2800000,0x00000000c3d52380,0x00000000c5100000)
 PSPermGen       total 21504K, used 16813K [0x00000000bd600000, 0x00000000beb00000, 0x00000000c2800000)
  object space 21504K, 78% used [0x00000000bd600000,0x00000000be66b640,0x00000000beb00000)
GC Heap History (10 events):
Event: 6.098 GC heap before
{Heap before GC invocations=1 (full 0):
 PSYoungGen      total 18432K, used 15872K [0x00000000eb800000, 0x00000000ecc80000, 0x0000000100000000)
  eden space 15872K, 100% used [0x00000000eb800000,0x00000000ec780000,0x00000000ec780000)
  from space 2560K, 0% used [0x00000000eca00000,0x00000000eca00000,0x00000000ecc80000)
  to   space 2560K, 0% used [0x00000000ec780000,0x00000000ec780000,0x00000000eca00000)
 ParOldGen       total 41984K, used 0K [0x00000000c2800000, 0x00000000c5100000, 0x00000000eb800000)
  object space 41984K, 0% used [0x00000000c2800000,0x00000000c2800000,0x00000000c5100000)
 PSPermGen       total 21504K, used 15580K [0x00000000bd600000, 0x00000000beb00000, 0x00000000c2800000)
  object space 21504K, 72% used [0x00000000bd600000,0x00000000be5373b0,0x00000000beb00000)
Event: 6.104 GC heap after
Heap after GC invocations=1 (full 0):
 PSYoungGen      total 18432K, used 2531K [0x00000000eb800000, 0x00000000ecc80000, 0x0000000100000000)
  eden space 15872K, 0% used [0x00000000eb800000,0x00000000eb800000,0x00000000ec780000)
  from space 2560K, 98% used [0x00000000ec780000,0x00000000ec9f8f30,0x00000000eca00000)
  to   space 2560K, 0% used [0x00000000eca00000,0x00000000eca00000,0x00000000ecc80000)
 ParOldGen       total 41984K, used 2104K [0x00000000c2800000, 0x00000000c5100000, 0x00000000eb800000)
  object space 41984K, 5% used [0x00000000c2800000,0x00000000c2a0e288,0x00000000c5100000)
 PSPermGen       total 21504K, used 15580K [0x00000000bd600000, 0x00000000beb00000, 0x00000000c2800000)
  object space 21504K, 72% used [0x00000000bd600000,0x00000000be5373b0,0x00000000beb00000)
}
Event: 33.842 GC heap before
{Heap before GC invocations=2 (full 0):
 PSYoungGen      total 18432K, used 18403K [0x00000000eb800000, 0x00000000ecc80000, 0x0000000100000000)
  eden space 15872K, 100% used [0x00000000eb800000,0x00000000ec780000,0x00000000ec780000)
  from space 2560K, 98% used [0x00000000ec780000,0x00000000ec9f8f30,0x00000000eca00000)
  to   space 2560K, 0% used [0x00000000eca00000,0x00000000eca00000,0x00000000ecc80000)
 ParOldGen       total 41984K, used 2104K [0x00000000c2800000, 0x00000000c5100000, 0x00000000eb800000)
  object space 41984K, 5% used [0x00000000c2800000,0x00000000c2a0e288,0x00000000c5100000)
 PSPermGen       total 21504K, used 16534K [0x00000000bd600000, 0x00000000beb00000, 0x00000000c2800000)
  object space 21504K, 76% used [0x00000000bd600000,0x00000000be6259c8,0x00000000beb00000)
Event: 33.847 GC heap after
Heap after GC invocations=2 (full 0):
 PSYoungGen      total 18432K, used 2547K [0x00000000eb800000, 0x00000000ecc80000, 0x0000000100000000)
  eden space 15872K, 0% used [0x00000000eb800000,0x00000000eb800000,0x00000000ec780000)
  from space 2560K, 99% used [0x00000000eca00000,0x00000000ecc7cf20,0x00000000ecc80000)
  to   space 2560K, 0% used [0x00000000ec780000,0x00000000ec780000,0x00000000eca00000)
 ParOldGen       total 41984K, used 8040K [0x00000000c2800000, 0x00000000c5100000, 0x00000000eb800000)
  object space 41984K, 19% used [0x00000000c2800000,0x00000000c2fda210,0x00000000c5100000)
 PSPermGen       total 21504K, used 16534K [0x00000000bd600000, 0x00000000beb00000, 0x00000000c2800000)
  object space 21504K, 76% used [0x00000000bd600000,0x00000000be6259c8,0x00000000beb00000)
}
Event: 65.111 GC heap before
{Heap before GC invocations=3 (full 0):
 PSYoungGen      total 18432K, used 18331K [0x00000000eb800000, 0x00000000ecc80000, 0x0000000100000000)
  eden space 15872K, 99% used [0x00000000eb800000,0x00000000ec769fc8,0x00000000ec780000)
  from space 2560K, 99% used [0x00000000eca00000,0x00000000ecc7cf20,0x00000000ecc80000)
  to   space 2560K, 0% used [0x00000000ec780000,0x00000000ec780000,0x00000000eca00000)
 ParOldGen       total 41984K, used 8040K [0x00000000c2800000, 0x00000000c5100000, 0x00000000eb800000)
  object space 41984K, 19% used [0x00000000c2800000,0x00000000c2fda210,0x00000000c5100000)
 PSPermGen       total 21504K, used 16627K [0x00000000bd600000, 0x00000000beb00000, 0x00000000c2800000)
  object space 21504K, 77% used [0x00000000bd600000,0x00000000be63cf28,0x00000000beb00000)
Event: 65.114 GC heap after
Heap after GC invocations=3 (full 0):
 PSYoungGen      total 18432K, used 2553K [0x00000000eb800000, 0x00000000ecc80000, 0x0000000100000000)
  eden space 15872K, 0% used [0x00000000eb800000,0x00000000eb800000,0x00000000ec780000)
  from space 2560K, 99% used [0x00000000ec780000,0x00000000ec9fe550,0x00000000eca00000)
  to   space 2560K, 0% used [0x00000000eca00000,0x00000000eca00000,0x00000000ecc80000)
 ParOldGen       total 41984K, used 14079K [0x00000000c2800000, 0x00000000c5100000, 0x00000000eb800000)
  object space 41984K, 33% used [0x00000000c2800000,0x00000000c35bfd18,0x00000000c5100000)
 PSPermGen       total 21504K, used 16627K [0x00000000bd600000, 0x00000000beb00000, 0x00000000c2800000)
  object space 21504K, 77% used [0x00000000bd600000,0x00000000be63cf28,0x00000000beb00000)
}
Event: 115.393 GC heap before
{Heap before GC invocations=4 (full 0):
 PSYoungGen      total 18432K, used 18425K [0x00000000eb800000, 0x00000000ecc80000, 0x0000000100000000)
  eden space 15872K, 100% used [0x00000000eb800000,0x00000000ec780000,0x00000000ec780000)
  from space 2560K, 99% used [0x00000000ec780000,0x00000000ec9fe550,0x00000000eca00000)
  to   space 2560K, 0% used [0x00000000eca00000,0x00000000eca00000,0x00000000ecc80000)
 ParOldGen       total 41984K, used 14079K [0x00000000c2800000, 0x00000000c5100000, 0x00000000eb800000)
  object space 41984K, 33% used [0x00000000c2800000,0x00000000c35bfd18,0x00000000c5100000)
 PSPermGen       total 21504K, used 16700K [0x00000000bd600000, 0x00000000beb00000, 0x00000000c2800000)
  object space 21504K, 77% used [0x00000000bd600000,0x00000000be64f3d8,0x00000000beb00000)
Event: 115.397 GC heap after
Heap after GC invocations=4 (full 0):
 PSYoungGen      total 18432K, used 2558K [0x00000000eb800000, 0x00000000ecc80000, 0x0000000100000000)
  eden space 15872K, 0% used [0x00000000eb800000,0x00000000eb800000,0x00000000ec780000)
  from space 2560K, 99% used [0x00000000eca00000,0x00000000ecc7fb60,0x00000000ecc80000)
  to   space 2560K, 0% used [0x00000000ec780000,0x00000000ec780000,0x00000000eca00000)
 ParOldGen       total 41984K, used 18280K [0x00000000c2800000, 0x00000000c5100000, 0x00000000eb800000)
  object space 41984K, 43% used [0x00000000c2800000,0x00000000c39da390,0x00000000c5100000)
 PSPermGen       total 21504K, used 16700K [0x00000000bd600000, 0x00000000beb00000, 0x00000000c2800000)
  object space 21504K, 77% used [0x00000000bd600000,0x00000000be64f3d8,0x00000000beb00000)
}
Event: 283.140 GC heap before
{Heap before GC invocations=5 (full 0):
 PSYoungGen      total 18432K, used 18430K [0x00000000eb800000, 0x00000000ecc80000, 0x0000000100000000)
  eden space 15872K, 100% used [0x00000000eb800000,0x00000000ec780000,0x00000000ec780000)
  from space 2560K, 99% used [0x00000000eca00000,0x00000000ecc7fb60,0x00000000ecc80000)
  to   space 2560K, 0% used [0x00000000ec780000,0x00000000ec780000,0x00000000eca00000)
 ParOldGen       total 41984K, used 18280K [0x00000000c2800000, 0x00000000c5100000, 0x00000000eb800000)
  object space 41984K, 43% used [0x00000000c2800000,0x00000000c39da390,0x00000000c5100000)
 PSPermGen       total 21504K, used 16799K [0x00000000bd600000, 0x00000000beb00000, 0x00000000c2800000)
  object space 21504K, 78% used [0x00000000bd600000,0x00000000be667c10,0x00000000beb00000)
Event: 283.144 GC heap after
Heap after GC invocations=5 (full 0):
 PSYoungGen      total 18432K, used 2542K [0x00000000eb800000, 0x00000000eda80000, 0x0000000100000000)
  eden space 15872K, 0% used [0x00000000eb800000,0x00000000eb800000,0x00000000ec780000)
  from space 2560K, 99% used [0x00000000ec780000,0x00000000ec9fbb70,0x00000000eca00000)
  to   space 9728K, 0% used [0x00000000ed100000,0x00000000ed100000,0x00000000eda80000)
 ParOldGen       total 41984K, used 21832K [0x00000000c2800000, 0x00000000c5100000, 0x00000000eb800000)
  object space 41984K, 52% used [0x00000000c2800000,0x00000000c3d52380,0x00000000c5100000)
 PSPermGen       total 21504K, used 16799K [0x00000000bd600000, 0x00000000beb00000, 0x00000000c2800000)
  object space 21504K, 78% used [0x00000000bd600000,0x00000000be667c10,0x00000000beb00000)
}

