# JRE version: Java(TM) SE Runtime Environment (7.0_80-b15) (build 1.7.0_80-b15)
# Java VM: Java HotSpot(TM) 64-Bit Server VM (24.80-b11 mixed mode windows-amd64 compressed oops)
Heap
 PSYoungGen      total 18432K, used 10559K [0x00000000eb800000, 0x00000000ecc80000, 0x0000000100000000)
  eden space 15872K, 50% used [0x00000000eb800000,0x00000000ebfd0f40,0x00000000ec780000)
  from space 2560K, 99% used [0x00000000eca00000,0x00000000ecc7ecf0,0x00000000ecc80000)
  to   space 2560K, 0% used [0x00000000ec780000,0x00000000ec780000,0x00000000eca00000)
 ParOldGen       total 41984K, used 17982K [0x00000000c2800000, 0x00000000c5100000, 0x00000000eb800000)
  object space 41984K, 42% used [0x00000000c2800000,0x00000000c398f858,0x00000000c5100000)
 PSPermGen       total 21504K, used 16894K [0x00000000bd600000, 0x00000000beb00000, 0x00000000c2800000)
  object space 21504K, 78% used [0x00000000bd600000,0x00000000be67fb18,0x00000000beb00000)
GC Heap History (8 events):
Event: 19.811 GC heap before
{Heap before GC invocations=1 (full 0):
 PSYoungGen      total 18432K, used 15847K [0x00000000eb800000, 0x00000000ecc80000, 0x0000000100000000)
  eden space 15872K, 99% used [0x00000000eb800000,0x00000000ec779d90,0x00000000ec780000)
  from space 2560K, 0% used [0x00000000eca00000,0x00000000eca00000,0x00000000ecc80000)
  to   space 2560K, 0% used [0x00000000ec780000,0x00000000ec780000,0x00000000eca00000)
 ParOldGen       total 41984K, used 0K [0x00000000c2800000, 0x00000000c5100000, 0x00000000eb800000)
  object space 41984K, 0% used [0x00000000c2800000,0x00000000c2800000,0x00000000c5100000)
 PSPermGen       total 21504K, used 15789K [0x00000000bd600000, 0x00000000beb00000, 0x00000000c2800000)
  object space 21504K, 73% used [0x00000000bd600000,0x00000000be56b4a8,0x00000000beb00000)
Event: 19.817 GC heap after
Heap after GC invocations=1 (full 0):
 PSYoungGen      total 18432K, used 2547K [0x00000000eb800000, 0x00000000ecc80000, 0x0000000100000000)
  eden space 15872K, 0% used [0x00000000eb800000,0x00000000eb800000,0x00000000ec780000)
  from space 2560K, 99% used [0x00000000ec780000,0x00000000ec9fcf40,0x00000000eca00000)
  to   space 2560K, 0% used [0x00000000eca00000,0x00000000eca00000,0x00000000ecc80000)
 ParOldGen       total 41984K, used 2086K [0x00000000c2800000, 0x00000000c5100000, 0x00000000eb800000)
  object space 41984K, 4% used [0x00000000c2800000,0x00000000c2a09900,0x00000000c5100000)
 PSPermGen       total 21504K, used 15789K [0x00000000bd600000, 0x00000000beb00000, 0x00000000c2800000)
  object space 21504K, 73% used [0x00000000bd600000,0x00000000be56b4a8,0x00000000beb00000)
}
Event: 156.771 GC heap before
{Heap before GC invocations=2 (full 0):
 PSYoungGen      total 18432K, used 18419K [0x00000000eb800000, 0x00000000ecc80000, 0x0000000100000000)
  eden space 15872K, 100% used [0x00000000eb800000,0x00000000ec780000,0x00000000ec780000)
  from space 2560K, 99% used [0x00000000ec780000,0x00000000ec9fcf40,0x00000000eca00000)
  to   space 2560K, 0% used [0x00000000eca00000,0x00000000eca00000,0x00000000ecc80000)
 ParOldGen       total 41984K, used 2086K [0x00000000c2800000, 0x00000000c5100000, 0x00000000eb800000)
  object space 41984K, 4% used [0x00000000c2800000,0x00000000c2a09900,0x00000000c5100000)
 PSPermGen       total 21504K, used 16765K [0x00000000bd600000, 0x00000000beb00000, 0x00000000c2800000)
  object space 21504K, 77% used [0x00000000bd600000,0x00000000be65f5a0,0x00000000beb00000)
Event: 156.775 GC heap after
Heap after GC invocations=2 (full 0):
 PSYoungGen      total 18432K, used 2542K [0x00000000eb800000, 0x00000000ecc80000, 0x0000000100000000)
  eden space 15872K, 0% used [0x00000000eb800000,0x00000000eb800000,0x00000000ec780000)
  from space 2560K, 99% used [0x00000000eca00000,0x00000000ecc7ba80,0x00000000ecc80000)
  to   space 2560K, 0% used [0x00000000ec780000,0x00000000ec780000,0x00000000eca00000)
 ParOldGen       total 41984K, used 6493K [0x00000000c2800000, 0x00000000c5100000, 0x00000000eb800000)
  object space 41984K, 15% used [0x00000000c2800000,0x00000000c2e574f0,0x00000000c5100000)
 PSPermGen       total 21504K, used 16765K [0x00000000bd600000, 0x00000000beb00000, 0x00000000c2800000)
  object space 21504K, 77% used [0x00000000bd600000,0x00000000be65f5a0,0x00000000beb00000)
}
Event: 348.547 GC heap before
{Heap before GC invocations=3 (full 0):
 PSYoungGen      total 18432K, used 18093K [0x00000000eb800000, 0x00000000ecc80000, 0x0000000100000000)
  eden space 15872K, 97% used [0x00000000eb800000,0x00000000ec72fcb0,0x00000000ec780000)
  from space 2560K, 99% used [0x00000000eca00000,0x00000000ecc7ba80,0x00000000ecc80000)
  to   space 2560K, 0% used [0x00000000ec780000,0x00000000ec780000,0x00000000eca00000)
 ParOldGen       total 41984K, used 6493K [0x00000000c2800000, 0x00000000c5100000, 0x00000000eb800000)
  object space 41984K, 15% used [0x00000000c2800000,0x00000000c2e574f0,0x00000000c5100000)
 PSPermGen       total 21504K, used 16820K [0x00000000bd600000, 0x00000000beb00000, 0x00000000c2800000)
  object space 21504K, 78% used [0x00000000bd600000,0x00000000be66d3d8,0x00000000beb00000)
Event: 348.553 GC heap after
Heap after GC invocations=3 (full 0):
 PSYoungGen      total 18432K, used 2553K [0x00000000eb800000, 0x00000000ecc80000, 0x0000000100000000)
  eden space 15872K, 0% used [0x00000000eb800000,0x00000000eb800000,0x00000000ec780000)
  from space 2560K, 99% used [0x00000000ec780000,0x00000000ec9fe5a0,0x00000000eca00000)
  to   space 2560K, 0% used [0x00000000eca00000,0x00000000eca00000,0x00000000ecc80000)
 ParOldGen       total 41984K, used 11600K [0x00000000c2800000, 0x00000000c5100000, 0x00000000eb800000)
  object space 41984K, 27% used [0x00000000c2800000,0x00000000c33542a0,0x00000000c5100000)
 PSPermGen       total 21504K, used 16820K [0x00000000bd600000, 0x00000000beb00000, 0x00000000c2800000)
  object space 21504K, 78% used [0x00000000bd600000,0x00000000be66d3d8,0x00000000beb00000)
}
Event: 586.005 GC heap before
{Heap before GC invocations=4 (full 0):
 PSYoungGen      total 18432K, used 18425K [0x00000000eb800000, 0x00000000ecc80000, 0x0000000100000000)
  eden space 15872K, 100% used [0x00000000eb800000,0x00000000ec780000,0x00000000ec780000)
  from space 2560K, 99% used [0x00000000ec780000,0x00000000ec9fe5a0,0x00000000eca00000)
  to   space 2560K, 0% used [0x00000000eca00000,0x00000000eca00000,0x00000000ecc80000)
 ParOldGen       total 41984K, used 11600K [0x00000000c2800000, 0x00000000c5100000, 0x00000000eb800000)
  object space 41984K, 27% used [0x00000000c2800000,0x00000000c33542a0,0x00000000c5100000)
 PSPermGen       total 21504K, used 16883K [0x00000000bd600000, 0x00000000beb00000, 0x00000000c2800000)
  object space 21504K, 78% used [0x00000000bd600000,0x00000000be67cce0,0x00000000beb00000)
Event: 586.010 GC heap after
Heap after GC invocations=4 (full 0):
 PSYoungGen      total 18432K, used 2555K [0x00000000eb800000, 0x00000000ecc80000, 0x0000000100000000)
  eden space 15872K, 0% used [0x00000000eb800000,0x00000000eb800000,0x00000000ec780000)
  from space 2560K, 99% used [0x00000000eca00000,0x00000000ecc7ecf0,0x00000000ecc80000)
  to   space 2560K, 0% used [0x00000000ec780000,0x00000000ec780000,0x00000000eca00000)
 ParOldGen       total 41984K, used 17982K [0x00000000c2800000, 0x00000000c5100000, 0x00000000eb800000)
  object space 41984K, 42% used [0x00000000c2800000,0x00000000c398f858,0x00000000c5100000)
 PSPermGen       total 21504K, used 16883K [0x00000000bd600000, 0x00000000beb00000, 0x00000000c2800000)
  object space 21504K, 78% used [0x00000000bd600000,0x00000000be67cce0,0x00000000beb00000)
}

